node:internal/modules/cjs/loader:1031
  throw err;
  ^

Error: Cannot find module 'express'
Require stack:
- /home/baxuwpta/kysulienminh.com/index.js
- /usr/local/lsws/fcgi-bin/lsnode.js
    at Function.Module._resolveFilename (node:internal/modules/cjs/loader:1028:15)
    at Function.Module._load (node:internal/modules/cjs/loader:873:27)
    at Module.require (node:internal/modules/cjs/loader:1100:19)
    at require (node:internal/modules/cjs/helpers:108:18)
    at Object.<anonymous> (/home/baxuwpta/kysulienminh.com/index.js:1:17)
    at Module._compile (node:internal/modules/cjs/loader:1198:14)
    at Object.Module._extensions..js (node:internal/modules/cjs/loader:1252:10)
    at Module.load (node:internal/modules/cjs/loader:1076:32)
    at Function.Module._load (node:internal/modules/cjs/loader:911:12)
    at Module.require (node:internal/modules/cjs/loader:1100:19) {
  code: 'MODULE_NOT_FOUND',
  requireStack: [
    '/home/baxuwpta/kysulienminh.com/index.js',
    '/usr/local/lsws/fcgi-bin/lsnode.js'
  ]
}
